Arguments: 
  /Users/alexandre/.nvm/versions/node/v12.7.0/bin/node /usr/local/Cellar/yarn/1.16.0/libexec/bin/yarn.js add preact@rc

PATH: 
  /Users/alexandre/.nvm/versions/node/v12.7.0/bin::/usr/local/bin:/usr/bin:/bin:/usr/sbin:/sbin:/opt/X11/bin:/Users/alexandre/development/flutter/bin

Yarn version: 
  1.16.0

Node version: 
  12.7.0

Platform: 
  darwin x64

Trace: 
  SyntaxError: /Users/alexandre/projects/curso/package.json: Unexpected end of JSON input
      at JSON.parse (<anonymous>)
      at /usr/local/Cellar/yarn/1.16.0/libexec/lib/cli.js:1625:59
      at Generator.next (<anonymous>)
      at step (/usr/local/Cellar/yarn/1.16.0/libexec/lib/cli.js:304:30)
      at /usr/local/Cellar/yarn/1.16.0/libexec/lib/cli.js:315:13

npm manifest: 
  

yarn manifest: 
  No manifest

Lockfile: 
  No lockfile
